2023-08-14 13:25:02,542 - None - None - None - INFO     - Watching for file changes with StatReloader
2023-08-14 14:24:30,072 - None - None - None - INFO     - Watching for file changes with StatReloader
2023-08-14 14:34:13,139 - None - None - None - INFO     - Watching for file changes with StatReloader
2023-08-14 14:39:37,535 - None - None - None - INFO     - /Users/wangzhexian/project/dcmc/apps/pwd_app/views.py changed, reloading.
2023-08-14 14:39:38,528 - None - None - None - INFO     - Watching for file changes with StatReloader
2023-08-14 14:46:49,090 - None - None - None - INFO     - /Users/wangzhexian/project/dcmc/dcmc/settings.py changed, reloading.
2023-08-14 14:46:50,339 - None - None - None - INFO     - Watching for file changes with StatReloader
2023-08-14 14:57:25,249 - None - None - None - INFO     - /Users/wangzhexian/project/dcmc/apps/pwd_app/views.py changed, reloading.
2023-08-14 14:57:26,192 - None - None - None - INFO     - Watching for file changes with StatReloader
2023-08-14 15:01:26,611 - None - None - None - INFO     - /Users/wangzhexian/project/dcmc/ad_utils/ad_init.py changed, reloading.
2023-08-14 15:01:27,513 - None - None - None - INFO     - Watching for file changes with StatReloader
2023-08-14 15:02:43,535 - None - None - None - INFO     - /Users/wangzhexian/project/dcmc/ad_utils/ad_init.py changed, reloading.
2023-08-14 15:02:44,505 - None - None - None - INFO     - Watching for file changes with StatReloader
2023-08-14 15:03:42,115 - None - None - None - INFO     - /Users/wangzhexian/project/dcmc/ad_utils/ad_init.py changed, reloading.
2023-08-14 15:03:43,032 - None - None - None - INFO     - Watching for file changes with StatReloader
2023-08-14 15:03:46,424 - None - None - None - INFO     - /Users/wangzhexian/project/dcmc/ad_utils/ad_init.py changed, reloading.
2023-08-14 15:03:47,087 - None - None - None - INFO     - Watching for file changes with StatReloader
2023-08-14 15:04:00,558 - None - None - None - INFO     - /Users/wangzhexian/project/dcmc/ad_utils/ad_init.py changed, reloading.
2023-08-14 15:04:01,055 - None - None - None - INFO     - Watching for file changes with StatReloader
2023-08-14 15:04:54,308 - None - None - None - INFO     - /Users/wangzhexian/project/dcmc/ad_utils/ad_init.py changed, reloading.
2023-08-14 15:04:55,185 - None - None - None - INFO     - Watching for file changes with StatReloader
2023-08-14 15:06:01,121 - None - None - None - INFO     - /Users/wangzhexian/project/dcmc/dcmc/settings.py changed, reloading.
2023-08-14 15:06:01,857 - None - None - None - INFO     - Watching for file changes with StatReloader
2023-08-14 15:09:27,835 - None - None - None - INFO     - /Users/wangzhexian/project/dcmc/ad_utils/ad_init.py changed, reloading.
2023-08-14 15:09:28,752 - None - None - None - INFO     - Watching for file changes with StatReloader
2023-08-14 15:10:25,409 - None - None - None - INFO     - /Users/wangzhexian/project/dcmc/ad_utils/ad_init.py changed, reloading.
2023-08-14 15:10:26,229 - None - None - None - INFO     - Watching for file changes with StatReloader
2023-08-14 15:10:48,226 - None - None - None - INFO     - /Users/wangzhexian/project/dcmc/apps/pwd_app/views.py changed, reloading.
2023-08-14 15:10:48,932 - None - None - None - INFO     - Watching for file changes with StatReloader
2023-08-14 15:11:47,848 - None - None - None - INFO     - /Users/wangzhexian/project/dcmc/ad_utils/ad_init.py changed, reloading.
2023-08-14 15:11:48,687 - None - None - None - INFO     - Watching for file changes with StatReloader
2023-08-14 15:12:15,804 - None - None - None - INFO     - /Users/wangzhexian/project/dcmc/ad_utils/ad_init.py changed, reloading.
2023-08-14 15:12:16,680 - None - None - None - INFO     - Watching for file changes with StatReloader
2023-08-14 15:12:28,459 - None - None - None - INFO     - /Users/wangzhexian/project/dcmc/ad_utils/ad_init.py changed, reloading.
2023-08-14 15:12:29,218 - None - None - None - INFO     - Watching for file changes with StatReloader
2023-08-14 15:13:10,683 - None - None - None - INFO     - /Users/wangzhexian/project/dcmc/ad_utils/ad_init.py changed, reloading.
2023-08-14 15:13:11,579 - None - None - None - INFO     - Watching for file changes with StatReloader
2023-08-14 15:13:23,388 - None - None - None - INFO     - /Users/wangzhexian/project/dcmc/ad_utils/ad_init.py changed, reloading.
2023-08-14 15:13:24,244 - None - None - None - INFO     - Watching for file changes with StatReloader
2023-08-14 15:13:48,200 - None - None - None - INFO     - /Users/wangzhexian/project/dcmc/ad_utils/ad_init.py changed, reloading.
2023-08-14 15:13:48,938 - None - None - None - INFO     - Watching for file changes with StatReloader
2023-08-14 15:15:15,414 - None - None - None - INFO     - /Users/wangzhexian/project/dcmc/ad_utils/ad_init.py changed, reloading.
2023-08-14 15:15:16,296 - None - None - None - INFO     - Watching for file changes with StatReloader
2023-08-14 15:16:15,190 - None - None - None - INFO     - /Users/wangzhexian/project/dcmc/ad_utils/ad_init.py changed, reloading.
2023-08-14 15:16:16,009 - None - None - None - INFO     - Watching for file changes with StatReloader
2023-08-14 15:16:21,697 - None - None - None - INFO     - /Users/wangzhexian/project/dcmc/ad_utils/ad_init.py changed, reloading.
2023-08-14 15:16:22,242 - None - None - None - INFO     - Watching for file changes with StatReloader
2023-08-14 15:17:51,587 - None - None - None - INFO     - /Users/wangzhexian/project/dcmc/apps/pwd_app/views.py changed, reloading.
2023-08-14 15:17:52,466 - None - None - None - INFO     - Watching for file changes with StatReloader
2023-08-14 15:23:09,119 - None - None - None - INFO     - /Users/wangzhexian/project/dcmc/apps/pwd_app/views.py changed, reloading.
2023-08-14 15:23:10,449 - None - None - None - INFO     - Watching for file changes with StatReloader
2023-08-14 15:23:35,587 - None - None - None - INFO     - /Users/wangzhexian/project/dcmc/ad_utils/ad_init.py changed, reloading.
2023-08-14 15:23:36,331 - None - None - None - INFO     - Watching for file changes with StatReloader
2023-08-14 15:26:23,681 - None - None - None - INFO     - /Users/wangzhexian/project/dcmc/apps/pwd_app/views.py changed, reloading.
2023-08-14 15:26:24,677 - None - None - None - INFO     - Watching for file changes with StatReloader
2023-08-14 15:27:13,311 - None - None - None - INFO     - /Users/wangzhexian/project/dcmc/apps/pwd_app/views.py changed, reloading.
2023-08-14 15:27:14,018 - None - None - None - INFO     - Watching for file changes with StatReloader
2023-08-14 15:27:39,622 - None - None - None - INFO     - /Users/wangzhexian/project/dcmc/apps/pwd_app/views.py changed, reloading.
2023-08-14 15:27:40,412 - None - None - None - INFO     - Watching for file changes with StatReloader
2023-08-14 15:28:51,643 - None - None - None - INFO     - /Users/wangzhexian/project/dcmc/apps/pwd_app/views.py changed, reloading.
2023-08-14 15:28:52,524 - None - None - None - INFO     - Watching for file changes with StatReloader
2023-08-14 15:31:55,251 - None - None - None - INFO     - /Users/wangzhexian/project/dcmc/apps/pwd_app/views.py changed, reloading.
2023-08-14 15:31:56,563 - None - None - None - INFO     - Watching for file changes with StatReloader
2023-08-14 15:32:20,218 - None - None - None - INFO     - /Users/wangzhexian/project/dcmc/apps/pwd_app/views.py changed, reloading.
2023-08-14 15:32:21,092 - None - None - None - INFO     - Watching for file changes with StatReloader
2023-08-14 15:32:46,047 - None - None - None - INFO     - /Users/wangzhexian/project/dcmc/apps/pwd_app/views.py changed, reloading.
2023-08-14 15:32:46,960 - None - None - None - INFO     - Watching for file changes with StatReloader
2023-08-14 15:34:14,367 - None - None - None - INFO     - /Users/wangzhexian/project/dcmc/apps/pwd_app/urls.py changed, reloading.
2023-08-14 15:34:15,486 - None - None - None - INFO     - Watching for file changes with StatReloader
2023-08-14 15:35:20,376 - None - None - None - INFO     - /Users/wangzhexian/project/dcmc/apps/pwd_app/views.py changed, reloading.
2023-08-14 15:35:21,277 - None - None - None - INFO     - Watching for file changes with StatReloader
